<?xml version="1.0" encoding="UTF-8"?>
<testsuite xmlns:xsi="http://www.w3.org/2001/XMLSchema-instance" xsi:noNamespaceSchemaLocation="https://maven.apache.org/surefire/maven-surefire-plugin/xsd/surefire-test-report-3.0.xsd" version="3.0" name="yusof.service.AuthorizationServiceTest" time="0.08" tests="5" errors="0" skipped="0" failures="0">
  <properties>
[...]
</properties>
  <testcase name="authorize_userNotFound" classname="yusof.service.AuthorizationServiceTest" time="0.062"/>
  <testcase name="register_userAdded" classname="yusof.service.AuthorizationServiceTest" time="0.003"/>
  <testcase name="register_userAlreadyExists" classname="yusof.service.AuthorizationServiceTest" time="0.003"/>
  <testcase name="register_userDidNotAdded" classname="yusof.service.AuthorizationServiceTest" time="0.003"/>
  <testcase name="authorize_userFound" classname="yusof.service.AuthorizationServiceTest" time="0.003"/>
</testsuite>